<?xml version="1.0" encoding="UTF-8"?>
<testng-results ignored="0" total="1" passed="1" failed="0" skipped="0">
  <reporter-output>
  </reporter-output>
  <suite started-at="2023-08-09T12:10:37 IST" name="Surefire suite" finished-at="2023-08-09T12:10:43 IST" duration-ms="5627">
    <groups>
    </groups>
    <test started-at="2023-08-09T12:10:37 IST" name="Surefire test" finished-at="2023-08-09T12:10:43 IST" duration-ms="5627">
      <class name="basics.ToLaunchBrowser">
        <test-method signature="launch()[pri:0, instance:basics.ToLaunchBrowser@64c87930]" started-at="2023-08-09T12:10:37 IST" name="launch" finished-at="2023-08-09T12:10:43 IST" duration-ms="5604" status="PASS">
          <reporter-output>
          </reporter-output>
        </test-method> <!-- launch -->
      </class> <!-- basics.ToLaunchBrowser -->
    </test> <!-- Surefire test -->
  </suite> <!-- Surefire suite -->
</testng-results>
